#
# A fatal error has been detected by the Java Runtime Environment:
#
#  EXCEPTION_ACCESS_VIOLATION (0xc0000005) at pc=0x00007ffaf53f6ab7, pid=3780, tid=3260
#
# JRE version: Java(TM) SE Runtime Environment (17.0.4.1+1) (build 17.0.4.1+1-LTS-2)
# Java VM: Java HotSpot(TM) 64-Bit Server VM (17.0.4.1+1-LTS-2, mixed mode, sharing, tiered, compressed oops, compressed class ptrs, g1 gc, windows-amd64)
# Problematic frame:
# C  [glass.dll+0x26ab7]
#
# No core dump will be written. Minidumps are not enabled by default on client versions of Windows
#
# If you would like to submit a bug report, please visit:
#   https://bugreport.java.com/bugreport/crash.jsp
#

---------------  S U M M A R Y ------------

Command Line: -javaagent:C:\Program Files\JetBrains\IntelliJ IDEA 2022.2.3\lib\idea_rt.jar=57614:C:\Program Files\JetBrains\IntelliJ IDEA 2022.2.3\bin -Dfile.encoding=UTF-8 --module-path=C:\Users\ASUS\.m2\repository\org\openjfx\javafx-controls\17.0.2\javafx-controls-17.0.2-win.jar;C:\Users\ASUS\IdeaProjects\demo\target\classes;C:\Users\ASUS\.m2\repository\org\openjfx\javafx-graphics\17.0.2\javafx-graphics-17.0.2-win.jar;C:\Users\ASUS\.m2\repository\org\openjfx\javafx-fxml\17.0.2\javafx-fxml-17.0.2-win.jar;C:\Users\ASUS\.m2\repository\org\openjfx\javafx-base\17.0.2\javafx-base-17.0.2-win.jar -Djdk.module.main=com.example.demo com.example.demo/com.example.demo.HelloApplication

Host: 11th Gen Intel(R) Core(TM) i5-11400F @ 2.60GHz, 12 cores, 15G,  Windows 10 , 64 bit Build 19041 (10.0.19041.2364)
Time: Fri Dec 16 02:19:44 2022  Windows 10 , 64 bit Build 19041 (10.0.19041.2364) elapsed time: 154.411548 seconds (0d 0h 2m 34s)

---------------  T H R E A D  ---------------

Current thread (0x0000017b7fdc3c40):  VMThread "VM Thread" [stack: 0x000000744b500000,0x000000744b600000] [id=3260]

Stack: [0x000000744b500000,0x000000744b600000],  sp=0x000000744b5ff490,  free space=1021k
Native frames: (J=compiled Java code, j=interpreted, Vv=VM code, C=native code)
C  [glass.dll+0x26ab7]


siginfo: EXCEPTION_ACCESS_VIOLATION (0xc0000005), reading address 0x0000000000000000


Register to memory mapping:

RIP=0x00007ffaf53f6ab7 glass.dll
RAX=0x0 is NULL
RBX=0x0000017b7fdd9df8 is a global jni handle
RCX=0x0000017b7fdc3c40 points into unknown readable memory: 0x00007ffa673af500 | 00 f5 3a 67 fa 7f 00 00
RDX=0x000000744b5ff490 points into unknown readable memory: 0x0000000000000000 | 00 00 00 00 00 00 00 00
RSP=0x000000744b5ff490 points into unknown readable memory: 0x0000000000000000 | 00 00 00 00 00 00 00 00
RBP=0x0000017b054bcfb8 points into unknown readable memory: 0x0000073839bf535d | 5d 53 bf 39 38 07 00 00
RSI=0x0000017b054bcf90 points into unknown readable memory: 0x5ea7e0ebb9bf5ca2 | a2 5c bf b9 eb e0 a7 5e
RDI=0x0000073839bf535d is an unknown value
R8 =0x0000000000010002 is an unknown value
R9 =0x0000073839bf535d is an unknown value
R10=0x0000000000008000 is an unknown value
R11=0x000000744b5ff420 points into unknown readable memory: 0x0000017b054bcf90 | 90 cf 4b 05 7b 01 00 00
R12=0x00007ffaf53f4384 glass.dll
R13=0x00007ffa67555ad0 jvm.dll
R14=0x000000744b5ff588 points into unknown readable memory: 0x000000744b5ff570 | 70 f5 5f 4b 74 00 00 00
R15=0x0000017b054bcf90 points into unknown readable memory: 0x5ea7e0ebb9bf5ca2 | a2 5c bf b9 eb e0 a7 5e


Registers:
RAX=0x0000000000000000, RBX=0x0000017b7fdd9df8, RCX=0x0000017b7fdc3c40, RDX=0x000000744b5ff490
RSP=0x000000744b5ff490, RBP=0x0000017b054bcfb8, RSI=0x0000017b054bcf90, RDI=0x0000073839bf535d
R8 =0x0000000000010002, R9 =0x0000073839bf535d, R10=0x0000000000008000, R11=0x000000744b5ff420
R12=0x00007ffaf53f4384, R13=0x00007ffa67555ad0, R14=0x000000744b5ff588, R15=0x0000017b054bcf90
RIP=0x00007ffaf53f6ab7, EFLAGS=0x0000000000010206

Top of Stack: (sp=0x000000744b5ff490)
0x000000744b5ff490:   0000000000000000 0000017b054bcf90
0x000000744b5ff4a0:   00007ffa67555ad0 00007ffaf53f4384
0x000000744b5ff4b0:   0000017b054bcf98 00007ffb040242d6
0x000000744b5ff4c0:   0000073839bf535d 0000017b00000000
0x000000744b5ff4d0:   0000017b054bcfb8 0000017b054bcf90
0x000000744b5ff4e0:   fffffffffffffffe 0000000000000000
0x000000744b5ff4f0:   0000000000000001 00007ffaf53d0000
0x000000744b5ff500:   000000744b5ff578 00007ffb040241fb
0x000000744b5ff510:   0000000000000000 000000744b5ff588
0x000000744b5ff520:   000000744b5ff850 00007ffb04100e40
0x000000744b5ff530:   0000000000000001 00007ffb040241b4
0x000000744b5ff540:   0000000000000000 0000000000000001
0x000000744b5ff550:   00007ffafc512dd0 000000744b5ff578
0x000000744b5ff560:   000000000000000d 00007ffaf53f4211
0x000000744b5ff570:   00007ffaf540a138 00007ffb00000002
0x000000744b5ff580:   0000000000000002 000000744b5ff570 

Instructions: (pc=0x00007ffaf53f6ab7)
0x00007ffaf53f69b7:   8b 4d 58 e8 01 cf ff ff 48 8b 4d 60 e8 f8 ce ff
0x00007ffaf53f69c7:   ff 48 8b 95 80 00 00 00 48 8b 8d 18 01 00 00 e8
0x00007ffaf53f69d7:   c6 c3 ff ff 33 d2 33 c9 e8 3c e1 ff ff 90 48 89
0x00007ffaf53f69e7:   54 24 10 55 48 83 ec 20 48 8b ea 48 b8 00 00 00
0x00007ffaf53f69f7:   00 00 00 00 00 48 83 c4 20 5d c3 cc 40 55 48 8b
0x00007ffaf53f6a07:   ea 48 8b 01 33 c9 81 38 05 00 00 c0 0f 94 c1 8b
0x00007ffaf53f6a17:   c1 5d c3 cc 40 55 48 83 ec 20 48 8b ea 8a 4d 40
0x00007ffaf53f6a27:   48 83 c4 20 5d e9 f7 d2 ff ff cc 40 55 48 83 ec
0x00007ffaf53f6a37:   20 48 8b ea 8a 4d 20 e8 e5 d2 ff ff 90 48 83 c4
0x00007ffaf53f6a47:   20 5d c3 cc 40 55 48 83 ec 20 48 8b ea 48 83 c4
0x00007ffaf53f6a57:   20 5d e9 46 d1 ff ff cc 40 55 48 83 ec 30 48 8b
0x00007ffaf53f6a67:   ea 48 8b 01 8b 10 48 89 4c 24 28 89 54 24 20 4c
0x00007ffaf53f6a77:   8d 0d e7 d5 ff ff 4c 8b 45 70 8b 55 68 48 8b 4d
0x00007ffaf53f6a87:   60 e8 87 d0 ff ff 90 48 83 c4 30 5d c3 cc cc cc
0x00007ffaf53f6a97:   cc cc cc cc cc cc cc cc cc 40 53 48 83 ec 20 48
0x00007ffaf53f6aa7:   8b 1d 83 30 01 00 48 85 db 74 16 e8 09 8b ff ff
0x00007ffaf53f6ab7:   4c 8b 00 48 8b d3 48 8b c8 41 ff 90 b0 00 00 00
0x00007ffaf53f6ac7:   90 48 83 c4 20 5b c3 cc cc 40 53 48 83 ec 20 48
0x00007ffaf53f6ad7:   8b 1d fb 31 01 00 48 85 db 74 57 b8 ff ff ff ff
0x00007ffaf53f6ae7:   f0 0f c1 43 10 83 f8 01 75 3d 48 85 db 74 38 48
0x00007ffaf53f6af7:   8b 0b 48 85 c9 74 0d ff 15 a4 07 00 00 48 c7 03
0x00007ffaf53f6b07:   00 00 00 00 48 8b 4b 08 48 85 c9 74 0d e8 a7 cd
0x00007ffaf53f6b17:   ff ff 48 c7 43 08 00 00 00 00 ba 18 00 00 00 48
0x00007ffaf53f6b27:   8b cb e8 92 cd ff ff 48 c7 05 9f 31 01 00 00 00
0x00007ffaf53f6b37:   00 00 48 83 c4 20 5b c3 cc 40 53 48 83 ec 20 48
0x00007ffaf53f6b47:   8b 1d 6b 31 01 00 48 85 db 74 57 b8 ff ff ff ff
0x00007ffaf53f6b57:   f0 0f c1 43 10 83 f8 01 75 3d 48 85 db 74 38 48
0x00007ffaf53f6b67:   8b 0b 48 85 c9 74 0d ff 15 34 07 00 00 48 c7 03
0x00007ffaf53f6b77:   00 00 00 00 48 8b 4b 08 48 85 c9 74 0d e8 37 cd
0x00007ffaf53f6b87:   ff ff 48 c7 43 08 00 00 00 00 ba 18 00 00 00 48
0x00007ffaf53f6b97:   8b cb e8 22 cd ff ff 48 c7 05 0f 31 01 00 00 00
0x00007ffaf53f6ba7:   00 00 48 83 c4 20 5b c3 cc 40 53 48 83 ec 20 48 


Stack slot to memory mapping:
stack at sp + 0 slots: 0x0 is NULL
stack at sp + 1 slots: 0x0000017b054bcf90 points into unknown readable memory: 0x5ea7e0ebb9bf5ca2 | a2 5c bf b9 eb e0 a7 5e
stack at sp + 2 slots: 0x00007ffa67555ad0 jvm.dll
stack at sp + 3 slots: 0x00007ffaf53f4384 glass.dll
stack at sp + 4 slots: 0x0000017b054bcf98 points into unknown readable memory: 0x0000073839bf535d | 5d 53 bf 39 38 07 00 00
stack at sp + 5 slots: 0x00007ffb040242d6 ucrtbase.dll
stack at sp + 6 slots: 0x0000073839bf535d is an unknown value
stack at sp + 7 slots: 0x0000017b00000000 points into unknown readable memory: 0x0000000000000000 | 00 00 00 00 00 00 00 00

VM_Operation (0x000000744acfed80): Exit, mode: safepoint, requested by thread 0x0000017b05c0d600


---------------  P R O C E S S  ---------------

Threads class SMR info:
_java_thread_list=0x0000017b05d935f0, length=20, elements={
0x0000017b60c5f990, 0x0000017b7fdc9b40, 0x0000017b7fdcae90, 0x0000017b7fde1a70,
0x0000017b7fde4bd0, 0x0000017b7fde5580, 0x0000017b7fde7ad0, 0x0000017b7fdeea60,
0x0000017b7fdf3860, 0x0000017b7fdb2e90, 0x0000017b04fd0f10, 0x0000017b04cbcfc0,
0x0000017b04be9900, 0x0000017b052f07b0, 0x0000017b052f6cc0, 0x0000017b05202b30,
0x0000017b05338580, 0x0000017b05c0f2e0, 0x0000017b05c0d130, 0x0000017b05c0d600
}

Java Threads: ( => current thread )
  0x0000017b60c5f990 JavaThread "main" [_thread_blocked, id=8092, stack(0x000000744af00000,0x000000744b000000)]
  0x0000017b7fdc9b40 JavaThread "Reference Handler" daemon [_thread_blocked, id=7964, stack(0x000000744b600000,0x000000744b700000)]
  0x0000017b7fdcae90 JavaThread "Finalizer" daemon [_thread_blocked, id=18292, stack(0x000000744b700000,0x000000744b800000)]
  0x0000017b7fde1a70 JavaThread "Attach Listener" daemon [_thread_blocked, id=948, stack(0x000000744b900000,0x000000744ba00000)]
  0x0000017b7fde4bd0 JavaThread "Service Thread" daemon [_thread_blocked, id=7420, stack(0x000000744ba00000,0x000000744bb00000)]
  0x0000017b7fde5580 JavaThread "Monitor Deflation Thread" daemon [_thread_blocked, id=13464, stack(0x000000744bb00000,0x000000744bc00000)]
  0x0000017b7fde7ad0 JavaThread "C2 CompilerThread0" daemon [_thread_blocked, id=20088, stack(0x000000744bc00000,0x000000744bd00000)]
  0x0000017b7fdeea60 JavaThread "C1 CompilerThread0" daemon [_thread_blocked, id=2180, stack(0x000000744bd00000,0x000000744be00000)]
  0x0000017b7fdf3860 JavaThread "Sweeper thread" daemon [_thread_blocked, id=10336, stack(0x000000744be00000,0x000000744bf00000)]
  0x0000017b7fdb2e90 JavaThread "Common-Cleaner" daemon [_thread_blocked, id=13616, stack(0x000000744bf00000,0x000000744c000000)]
  0x0000017b04fd0f10 JavaThread "Monitor Ctrl-Break" daemon [_thread_in_native, id=9148, stack(0x000000744c200000,0x000000744c300000)]
  0x0000017b04cbcfc0 JavaThread "Notification Thread" daemon [_thread_blocked, id=13984, stack(0x000000744c300000,0x000000744c400000)]
  0x0000017b04be9900 JavaThread "QuantumRenderer-0" daemon [_thread_blocked, id=10420, stack(0x000000744c500000,0x000000744c600000)]
  0x0000017b052f07b0 JavaThread "InvokeLaterDispatcher" daemon [_thread_blocked, id=8812, stack(0x000000744c800000,0x000000744c900000)]
  0x0000017b052f6cc0 JavaThread "JavaFX Application Thread" [_thread_in_native, id=11324, stack(0x000000744c900000,0x000000744ca00000)]
  0x0000017b05202b30 JavaThread "JavaFX-Launcher" [_thread_blocked, id=19920, stack(0x000000744d300000,0x000000744d400000)]
  0x0000017b05338580 JavaThread "Thread-2" daemon [_thread_in_native, id=13460, stack(0x000000744d200000,0x000000744d300000)]
  0x0000017b05c0f2e0 JavaThread "Prism Font Disposer" daemon [_thread_blocked, id=4888, stack(0x000000744d900000,0x000000744da00000)]
  0x0000017b05c0d130 JavaThread "Cleaner-0" daemon [_thread_blocked, id=1800, stack(0x000000744db00000,0x000000744dc00000)]
  0x0000017b05c0d600 JavaThread "SIGINT handler" daemon [_thread_blocked, id=3264, stack(0x000000744ac00000,0x000000744ad00000)]

Other Threads:
=>0x0000017b7fdc3c40 VMThread "VM Thread" [stack: 0x000000744b500000,0x000000744b600000] [id=3260]
  0x0000017b60cc9ab0 GCTaskThread "GC Thread#0" [stack: 0x000000744b000000,0x000000744b100000] [id=20084]
  0x0000017b05311cc0 GCTaskThread "GC Thread#1" [stack: 0x000000744d400000,0x000000744d500000] [id=13072]
  0x0000017b05254cd0 GCTaskThread "GC Thread#2" [stack: 0x000000744d500000,0x000000744d600000] [id=7000]
  0x0000017b054dfb80 GCTaskThread "GC Thread#3" [stack: 0x000000744d600000,0x000000744d700000] [id=4280]
  0x0000017b054ed270 GCTaskThread "GC Thread#4" [stack: 0x000000744d700000,0x000000744d800000] [id=296]
  0x0000017b05c12100 GCTaskThread "GC Thread#5" [stack: 0x000000744d800000,0x000000744d900000] [id=19208]
  0x0000017b05fad000 GCTaskThread "GC Thread#6" [stack: 0x000000744c100000,0x000000744c200000] [id=6028]
  0x0000017b06941740 GCTaskThread "GC Thread#7" [stack: 0x000000744df00000,0x000000744e000000] [id=17292]
  0x0000017b0656e600 GCTaskThread "GC Thread#8" [stack: 0x000000744e000000,0x000000744e100000] [id=15652]
  0x0000017b06326050 GCTaskThread "GC Thread#9" [stack: 0x000000744e100000,0x000000744e200000] [id=15876]
  0x0000017b60cda770 ConcurrentGCThread "G1 Main Marker" terminated
  0x0000017b60cdb180 ConcurrentGCThread "G1 Conc#0" [stack: 0x000000744b200000,0x000000744b300000] [id=8968]
  0x0000017b60d38c00 ConcurrentGCThread "G1 Refine#0" terminated
  0x0000017b7fc83b30 ConcurrentGCThread "G1 Service" terminated

Threads with active compile tasks:
C1 CompilerThread0  
[error occurred during error reporting (printing all threads), id 0xc0000005, EXCEPTION_ACCESS_VIOLATION (0xc0000005) at pc=0x00007ffa671c06d3]

VM state: at safepoint (shutting down)

VM Mutex/Monitor currently owned by a thread:  ([mutex/lock_event])
[0x0000017b60c5c410] Threads_lock - owner thread: 0x0000017b7fdc3c40
[0x0000017b60c5c020] Heap_lock - owner thread: 0x0000017b05c0d600

Heap address: 0x0000000702800000, size: 4056 MB, Compressed Oops mode: Zero based, Oop shift amount: 3

CDS archive(s) mapped at: [0x0000000800000000-0x0000000800bc0000-0x0000000800bc0000), size 12320768, SharedBaseAddress: 0x0000000800000000, ArchiveRelocationMode: 0.
Compressed class space mapped at: 0x0000000800c00000-0x0000000840c00000, reserved size: 1073741824
Narrow klass base: 0x0000000800000000, Narrow klass shift: 0, Narrow klass range: 0x100000000

GC Precious Log:
 CPUs: 12 total, 12 available
 Memory: 16221M
 Large Page Support: Disabled
 NUMA Support: Disabled
 Compressed Oops: Enabled (Zero based)
 Heap Region Size: 2M
 Heap Min Capacity: 8M
 Heap Initial Capacity: 254M
 Heap Max Capacity: 4056M
 Pre-touch: Disabled
 Parallel Workers: 10
 Concurrent Workers: 3
 Concurrent Refinement Workers: 10
 Periodic GC: Disabled

Heap:
 garbage-first heap   total 260096K, used 31760K [0x0000000702800000, 0x0000000800000000)
  region size 2048K, 15 young (30720K), 3 survivors (6144K)
 Metaspace       used 17481K, committed 17664K, reserved 1064960K
  class space    used 2522K, committed 2624K, reserved 1048576K

Heap Regions: E=young(eden), S=young(survivor), O=old, HS=humongous(starts), HC=humongous(continues), CS=collection set, F=free, OA=open archive, CA=closed archive, TAMS=top-at-mark-start (previous, next)
|   0|0x0000000702800000, 0x0000000702a00000, 0x0000000702a00000|100%|HS|  |TAMS 0x0000000702800000, 0x0000000702800000| Complete 
|   1|0x0000000702a00000, 0x0000000702b04000, 0x0000000702c00000| 50%| O|  |TAMS 0x0000000702a00000, 0x0000000702a00000| Untracked 
|   2|0x0000000702c00000, 0x0000000702c00000, 0x0000000702e00000|  0%| F|  |TAMS 0x0000000702c00000, 0x0000000702c00000| Untracked 
|   3|0x0000000702e00000, 0x0000000702e00000, 0x0000000703000000|  0%| F|  |TAMS 0x0000000702e00000, 0x0000000702e00000| Untracked 
|   4|0x0000000703000000, 0x0000000703000000, 0x0000000703200000|  0%| F|  |TAMS 0x0000000703000000, 0x0000000703000000| Untracked 
|   5|0x0000000703200000, 0x0000000703200000, 0x0000000703400000|  0%| F|  |TAMS 0x0000000703200000, 0x0000000703200000| Untracked 
|   6|0x0000000703400000, 0x0000000703400000, 0x0000000703600000|  0%| F|  |TAMS 0x0000000703400000, 0x0000000703400000| Untracked 
|   7|0x0000000703600000, 0x0000000703600000, 0x0000000703800000|  0%| F|  |TAMS 0x0000000703600000, 0x0000000703600000| Untracked 
|   8|0x0000000703800000, 0x0000000703800000, 0x0000000703a00000|  0%| F|  |TAMS 0x0000000703800000, 0x0000000703800000| Untracked 
|   9|0x0000000703a00000, 0x0000000703a00000, 0x0000000703c00000|  0%| F|  |TAMS 0x0000000703a00000, 0x0000000703a00000| Untracked 
|  10|0x0000000703c00000, 0x0000000703c00000, 0x0000000703e00000|  0%| F|  |TAMS 0x0000000703c00000, 0x0000000703c00000| Untracked 
|  11|0x0000000703e00000, 0x0000000703e00000, 0x0000000704000000|  0%| F|  |TAMS 0x0000000703e00000, 0x0000000703e00000| Untracked 
|  12|0x0000000704000000, 0x0000000704000000, 0x0000000704200000|  0%| F|  |TAMS 0x0000000704000000, 0x0000000704000000| Untracked 
|  13|0x0000000704200000, 0x0000000704200000, 0x0000000704400000|  0%| F|  |TAMS 0x0000000704200000, 0x0000000704200000| Untracked 
|  14|0x0000000704400000, 0x0000000704400000, 0x0000000704600000|  0%| F|  |TAMS 0x0000000704400000, 0x0000000704400000| Untracked 
|  15|0x0000000704600000, 0x0000000704600000, 0x0000000704800000|  0%| F|  |TAMS 0x0000000704600000, 0x0000000704600000| Untracked 
|  16|0x0000000704800000, 0x0000000704800000, 0x0000000704a00000|  0%| F|  |TAMS 0x0000000704800000, 0x0000000704800000| Untracked 
|  17|0x0000000704a00000, 0x0000000704a00000, 0x0000000704c00000|  0%| F|  |TAMS 0x0000000704a00000, 0x0000000704a00000| Untracked 
|  18|0x0000000704c00000, 0x0000000704c00000, 0x0000000704e00000|  0%| F|  |TAMS 0x0000000704c00000, 0x0000000704c00000| Untracked 
|  19|0x0000000704e00000, 0x0000000704e00000, 0x0000000705000000|  0%| F|  |TAMS 0x0000000704e00000, 0x0000000704e00000| Untracked 
|  20|0x0000000705000000, 0x0000000705000000, 0x0000000705200000|  0%| F|  |TAMS 0x0000000705000000, 0x0000000705000000| Untracked 
|  21|0x0000000705200000, 0x0000000705200000, 0x0000000705400000|  0%| F|  |TAMS 0x0000000705200000, 0x0000000705200000| Untracked 
|  22|0x0000000705400000, 0x0000000705400000, 0x0000000705600000|  0%| F|  |TAMS 0x0000000705400000, 0x0000000705400000| Untracked 
|  23|0x0000000705600000, 0x0000000705600000, 0x0000000705800000|  0%| F|  |TAMS 0x0000000705600000, 0x0000000705600000| Untracked 
|  24|0x0000000705800000, 0x0000000705800000, 0x0000000705a00000|  0%| F|  |TAMS 0x0000000705800000, 0x0000000705800000| Untracked 
|  25|0x0000000705a00000, 0x0000000705a00000, 0x0000000705c00000|  0%| F|  |TAMS 0x0000000705a00000, 0x0000000705a00000| Untracked 
|  26|0x0000000705c00000, 0x0000000705c00000, 0x0000000705e00000|  0%| F|  |TAMS 0x0000000705c00000, 0x0000000705c00000| Untracked 
|  27|0x0000000705e00000, 0x0000000705e00000, 0x0000000706000000|  0%| F|  |TAMS 0x0000000705e00000, 0x0000000705e00000| Untracked 
|  28|0x0000000706000000, 0x0000000706000000, 0x0000000706200000|  0%| F|  |TAMS 0x0000000706000000, 0x0000000706000000| Untracked 
|  29|0x0000000706200000, 0x0000000706200000, 0x0000000706400000|  0%| F|  |TAMS 0x0000000706200000, 0x0000000706200000| Untracked 
|  30|0x0000000706400000, 0x0000000706400000, 0x0000000706600000|  0%| F|  |TAMS 0x0000000706400000, 0x0000000706400000| Untracked 
|  31|0x0000000706600000, 0x0000000706600000, 0x0000000706800000|  0%| F|  |TAMS 0x0000000706600000, 0x0000000706600000| Untracked 
|  32|0x0000000706800000, 0x0000000706800000, 0x0000000706a00000|  0%| F|  |TAMS 0x0000000706800000, 0x0000000706800000| Untracked 
|  33|0x0000000706a00000, 0x0000000706a00000, 0x0000000706c00000|  0%| F|  |TAMS 0x0000000706a00000, 0x0000000706a00000| Untracked 
|  34|0x0000000706c00000, 0x0000000706c00000, 0x0000000706e00000|  0%| F|  |TAMS 0x0000000706c00000, 0x0000000706c00000| Untracked 
|  35|0x0000000706e00000, 0x0000000706e00000, 0x0000000707000000|  0%| F|  |TAMS 0x0000000706e00000, 0x0000000706e00000| Untracked 
|  36|0x0000000707000000, 0x0000000707000000, 0x0000000707200000|  0%| F|  |TAMS 0x0000000707000000, 0x0000000707000000| Untracked 
|  37|0x0000000707200000, 0x0000000707200000, 0x0000000707400000|  0%| F|  |TAMS 0x0000000707200000, 0x0000000707200000| Untracked 
|  38|0x0000000707400000, 0x0000000707400000, 0x0000000707600000|  0%| F|  |TAMS 0x0000000707400000, 0x0000000707400000| Untracked 
|  39|0x0000000707600000, 0x0000000707600000, 0x0000000707800000|  0%| F|  |TAMS 0x0000000707600000, 0x0000000707600000| Untracked 
|  40|0x0000000707800000, 0x0000000707800000, 0x0000000707a00000|  0%| F|  |TAMS 0x0000000707800000, 0x0000000707800000| Untracked 
|  41|0x0000000707a00000, 0x0000000707a00000, 0x0000000707c00000|  0%| F|  |TAMS 0x0000000707a00000, 0x0000000707a00000| Untracked 
|  42|0x0000000707c00000, 0x0000000707c00000, 0x0000000707e00000|  0%| F|  |TAMS 0x0000000707c00000, 0x0000000707c00000| Untracked 
|  43|0x0000000707e00000, 0x0000000707e00000, 0x0000000708000000|  0%| F|  |TAMS 0x0000000707e00000, 0x0000000707e00000| Untracked 
|  44|0x0000000708000000, 0x0000000708000000, 0x0000000708200000|  0%| F|  |TAMS 0x0000000708000000, 0x0000000708000000| Untracked 
|  45|0x0000000708200000, 0x0000000708200000, 0x0000000708400000|  0%| F|  |TAMS 0x0000000708200000, 0x0000000708200000| Untracked 
|  46|0x0000000708400000, 0x0000000708400000, 0x0000000708600000|  0%| F|  |TAMS 0x0000000708400000, 0x0000000708400000| Untracked 
|  47|0x0000000708600000, 0x0000000708600000, 0x0000000708800000|  0%| F|  |TAMS 0x0000000708600000, 0x0000000708600000| Untracked 
|  48|0x0000000708800000, 0x0000000708800000, 0x0000000708a00000|  0%| F|  |TAMS 0x0000000708800000, 0x0000000708800000| Untracked 
|  49|0x0000000708a00000, 0x0000000708a00000, 0x0000000708c00000|  0%| F|  |TAMS 0x0000000708a00000, 0x0000000708a00000| Untracked 
|  50|0x0000000708c00000, 0x0000000708c00000, 0x0000000708e00000|  0%| F|  |TAMS 0x0000000708c00000, 0x0000000708c00000| Untracked 
|  51|0x0000000708e00000, 0x0000000708e00000, 0x0000000709000000|  0%| F|  |TAMS 0x0000000708e00000, 0x0000000708e00000| Untracked 
|  52|0x0000000709000000, 0x0000000709000000, 0x0000000709200000|  0%| F|  |TAMS 0x0000000709000000, 0x0000000709000000| Untracked 
|  53|0x0000000709200000, 0x0000000709200000, 0x0000000709400000|  0%| F|  |TAMS 0x0000000709200000, 0x0000000709200000| Untracked 
|  54|0x0000000709400000, 0x0000000709400000, 0x0000000709600000|  0%| F|  |TAMS 0x0000000709400000, 0x0000000709400000| Untracked 
|  55|0x0000000709600000, 0x0000000709600000, 0x0000000709800000|  0%| F|  |TAMS 0x0000000709600000, 0x0000000709600000| Untracked 
|  56|0x0000000709800000, 0x0000000709800000, 0x0000000709a00000|  0%| F|  |TAMS 0x0000000709800000, 0x0000000709800000| Untracked 
|  57|0x0000000709a00000, 0x0000000709a00000, 0x0000000709c00000|  0%| F|  |TAMS 0x0000000709a00000, 0x0000000709a00000| Untracked 
|  58|0x0000000709c00000, 0x0000000709c00000, 0x0000000709e00000|  0%| F|  |TAMS 0x0000000709c00000, 0x0000000709c00000| Untracked 
|  59|0x0000000709e00000, 0x0000000709e00000, 0x000000070a000000|  0%| F|  |TAMS 0x0000000709e00000, 0x0000000709e00000| Untracked 
|  60|0x000000070a000000, 0x000000070a000000, 0x000000070a200000|  0%| F|  |TAMS 0x000000070a000000, 0x000000070a000000| Untracked 
|  61|0x000000070a200000, 0x000000070a200000, 0x000000070a400000|  0%| F|  |TAMS 0x000000070a200000, 0x000000070a200000| Untracked 
|  62|0x000000070a400000, 0x000000070a400000, 0x000000070a600000|  0%| F|  |TAMS 0x000000070a400000, 0x000000070a400000| Untracked 
|  63|0x000000070a600000, 0x000000070a600000, 0x000000070a800000|  0%| F|  |TAMS 0x000000070a600000, 0x000000070a600000| Untracked 
|  64|0x000000070a800000, 0x000000070a800000, 0x000000070aa00000|  0%| F|  |TAMS 0x000000070a800000, 0x000000070a800000| Untracked 
|  65|0x000000070aa00000, 0x000000070aa00000, 0x000000070ac00000|  0%| F|  |TAMS 0x000000070aa00000, 0x000000070aa00000| Untracked 
|  66|0x000000070ac00000, 0x000000070ac00000, 0x000000070ae00000|  0%| F|  |TAMS 0x000000070ac00000, 0x000000070ac00000| Untracked 
|  67|0x000000070ae00000, 0x000000070ae00000, 0x000000070b000000|  0%| F|  |TAMS 0x000000070ae00000, 0x000000070ae00000| Untracked 
|  68|0x000000070b000000, 0x000000070b000000, 0x000000070b200000|  0%| F|  |TAMS 0x000000070b000000, 0x000000070b000000| Untracked 
|  69|0x000000070b200000, 0x000000070b200000, 0x000000070b400000|  0%| F|  |TAMS 0x000000070b200000, 0x000000070b200000| Untracked 
|  70|0x000000070b400000, 0x000000070b400000, 0x000000070b600000|  0%| F|  |TAMS 0x000000070b400000, 0x000000070b400000| Untracked 
|  71|0x000000070b600000, 0x000000070b600000, 0x000000070b800000|  0%| F|  |TAMS 0x000000070b600000, 0x000000070b600000| Untracked 
|  72|0x000000070b800000, 0x000000070b800000, 0x000000070ba00000|  0%| F|  |TAMS 0x000000070b800000, 0x000000070b800000| Untracked 
|  73|0x000000070ba00000, 0x000000070ba00000, 0x000000070bc00000|  0%| F|  |TAMS 0x000000070ba00000, 0x000000070ba00000| Untracked 
|  74|0x000000070bc00000, 0x000000070bc00000, 0x000000070be00000|  0%| F|  |TAMS 0x000000070bc00000, 0x000000070bc00000| Untracked 
|  75|0x000000070be00000, 0x000000070be00000, 0x000000070c000000|  0%| F|  |TAMS 0x000000070be00000, 0x000000070be00000| Untracked 
|  76|0x000000070c000000, 0x000000070c000000, 0x000000070c200000|  0%| F|  |TAMS 0x000000070c000000, 0x000000070c000000| Untracked 
|  77|0x000000070c200000, 0x000000070c200000, 0x000000070c400000|  0%| F|  |TAMS 0x000000070c200000, 0x000000070c200000| Untracked 
|  78|0x000000070c400000, 0x000000070c400000, 0x000000070c600000|  0%| F|  |TAMS 0x000000070c400000, 0x000000070c400000| Untracked 
|  79|0x000000070c600000, 0x000000070c600000, 0x000000070c800000|  0%| F|  |TAMS 0x000000070c600000, 0x000000070c600000| Untracked 
|  80|0x000000070c800000, 0x000000070c800000, 0x000000070ca00000|  0%| F|  |TAMS 0x000000070c800000, 0x000000070c800000| Untracked 
|  81|0x000000070ca00000, 0x000000070ca00000, 0x000000070cc00000|  0%| F|  |TAMS 0x000000070ca00000, 0x000000070ca00000| Untracked 
|  82|0x000000070cc00000, 0x000000070cc00000, 0x000000070ce00000|  0%| F|  |TAMS 0x000000070cc00000, 0x000000070cc00000| Untracked 
|  83|0x000000070ce00000, 0x000000070ce00000, 0x000000070d000000|  0%| F|  |TAMS 0x000000070ce00000, 0x000000070ce00000| Untracked 
|  84|0x000000070d000000, 0x000000070d000000, 0x000000070d200000|  0%| F|  |TAMS 0x000000070d000000, 0x000000070d000000| Untracked 
|  85|0x000000070d200000, 0x000000070d200000, 0x000000070d400000|  0%| F|  |TAMS 0x000000070d200000, 0x000000070d200000| Untracked 
|  86|0x000000070d400000, 0x000000070d400000, 0x000000070d600000|  0%| F|  |TAMS 0x000000070d400000, 0x000000070d400000| Untracked 
|  87|0x000000070d600000, 0x000000070d600000, 0x000000070d800000|  0%| F|  |TAMS 0x000000070d600000, 0x000000070d600000| Untracked 
|  88|0x000000070d800000, 0x000000070d800000, 0x000000070da00000|  0%| F|  |TAMS 0x000000070d800000, 0x000000070d800000| Untracked 
|  89|0x000000070da00000, 0x000000070da00000, 0x000000070dc00000|  0%| F|  |TAMS 0x000000070da00000, 0x000000070da00000| Untracked 
|  90|0x000000070dc00000, 0x000000070dc00000, 0x000000070de00000|  0%| F|  |TAMS 0x000000070dc00000, 0x000000070dc00000| Untracked 
|  91|0x000000070de00000, 0x000000070de00000, 0x000000070e000000|  0%| F|  |TAMS 0x000000070de00000, 0x000000070de00000| Untracked 
|  92|0x000000070e000000, 0x000000070e000000, 0x000000070e200000|  0%| F|  |TAMS 0x000000070e000000, 0x000000070e000000| Untracked 
|  93|0x000000070e200000, 0x000000070e200000, 0x000000070e400000|  0%| F|  |TAMS 0x000000070e200000, 0x000000070e200000| Untracked 
|  94|0x000000070e400000, 0x000000070e400000, 0x000000070e600000|  0%| F|  |TAMS 0x000000070e400000, 0x000000070e400000| Untracked 
|  95|0x000000070e600000, 0x000000070e600000, 0x000000070e800000|  0%| F|  |TAMS 0x000000070e600000, 0x000000070e600000| Untracked 
|  96|0x000000070e800000, 0x000000070e800000, 0x000000070ea00000|  0%| F|  |TAMS 0x000000070e800000, 0x000000070e800000| Untracked 
|  97|0x000000070ea00000, 0x000000070ea00000, 0x000000070ec00000|  0%| F|  |TAMS 0x000000070ea00000, 0x000000070ea00000| Untracked 
|  98|0x000000070ec00000, 0x000000070ec00000, 0x000000070ee00000|  0%| F|  |TAMS 0x000000070ec00000, 0x000000070ec00000| Untracked 
|  99|0x000000070ee00000, 0x000000070ee00000, 0x000000070f000000|  0%| F|  |TAMS 0x000000070ee00000, 0x000000070ee00000| Untracked 
| 100|0x000000070f000000, 0x000000070f000000, 0x000000070f200000|  0%| F|  |TAMS 0x000000070f000000, 0x000000070f000000| Untracked 
| 101|0x000000070f200000, 0x000000070f200000, 0x000000070f400000|  0%| F|  |TAMS 0x000000070f200000, 0x000000070f200000| Untracked 
| 102|0x000000070f400000, 0x000000070f400000, 0x000000070f600000|  0%| F|  |TAMS 0x000000070f400000, 0x000000070f400000| Untracked 
| 103|0x000000070f600000, 0x000000070f600000, 0x000000070f800000|  0%| F|  |TAMS 0x000000070f600000, 0x000000070f600000| Untracked 
| 104|0x000000070f800000, 0x000000070fa00000, 0x000000070fa00000|100%| S|CS|TAMS 0x000000070f800000, 0x000000070f800000| Complete 
| 105|0x000000070fa00000, 0x000000070fc00000, 0x000000070fc00000|100%| S|CS|TAMS 0x000000070fa00000, 0x000000070fa00000| Complete 
| 106|0x000000070fc00000, 0x000000070fe00000, 0x000000070fe00000|100%| S|CS|TAMS 0x000000070fc00000, 0x000000070fc00000| Complete 
| 107|0x000000070fe00000, 0x000000070fe00000, 0x0000000710000000|  0%| F|  |TAMS 0x000000070fe00000, 0x000000070fe00000| Untracked 
| 108|0x0000000710000000, 0x0000000710000000, 0x0000000710200000|  0%| F|  |TAMS 0x0000000710000000, 0x0000000710000000| Untracked 
| 109|0x0000000710200000, 0x0000000710200000, 0x0000000710400000|  0%| F|  |TAMS 0x0000000710200000, 0x0000000710200000| Untracked 
| 110|0x0000000710400000, 0x0000000710400000, 0x0000000710600000|  0%| F|  |TAMS 0x0000000710400000, 0x0000000710400000| Untracked 
| 111|0x0000000710600000, 0x0000000710600000, 0x0000000710800000|  0%| F|  |TAMS 0x0000000710600000, 0x0000000710600000| Untracked 
| 112|0x0000000710800000, 0x0000000710800000, 0x0000000710a00000|  0%| F|  |TAMS 0x0000000710800000, 0x0000000710800000| Untracked 
| 113|0x0000000710a00000, 0x0000000710a00000, 0x0000000710c00000|  0%| F|  |TAMS 0x0000000710a00000, 0x0000000710a00000| Untracked 
| 114|0x0000000710c00000, 0x0000000710c00000, 0x0000000710e00000|  0%| F|  |TAMS 0x0000000710c00000, 0x0000000710c00000| Untracked 
| 115|0x0000000710e00000, 0x0000000710e85a30, 0x0000000711000000| 26%| E|  |TAMS 0x0000000710e00000, 0x0000000710e00000| Complete 
| 116|0x0000000711000000, 0x0000000711200000, 0x0000000711200000|100%| E|CS|TAMS 0x0000000711000000, 0x0000000711000000| Complete 
| 117|0x0000000711200000, 0x0000000711400000, 0x0000000711400000|100%| E|CS|TAMS 0x0000000711200000, 0x0000000711200000| Complete 
| 118|0x0000000711400000, 0x0000000711600000, 0x0000000711600000|100%| E|CS|TAMS 0x0000000711400000, 0x0000000711400000| Complete 
| 119|0x0000000711600000, 0x0000000711800000, 0x0000000711800000|100%| E|CS|TAMS 0x0000000711600000, 0x0000000711600000| Complete 
| 120|0x0000000711800000, 0x0000000711a00000, 0x0000000711a00000|100%| E|CS|TAMS 0x0000000711800000, 0x0000000711800000| Complete 
| 121|0x0000000711a00000, 0x0000000711c00000, 0x0000000711c00000|100%| E|CS|TAMS 0x0000000711a00000, 0x0000000711a00000| Complete 
| 122|0x0000000711c00000, 0x0000000711e00000, 0x0000000711e00000|100%| E|CS|TAMS 0x0000000711c00000, 0x0000000711c00000| Complete 
| 123|0x0000000711e00000, 0x0000000712000000, 0x0000000712000000|100%| E|CS|TAMS 0x0000000711e00000, 0x0000000711e00000| Complete 
| 124|0x0000000712000000, 0x0000000712200000, 0x0000000712200000|100%| E|CS|TAMS 0x0000000712000000, 0x0000000712000000| Complete 
| 125|0x0000000712200000, 0x0000000712400000, 0x0000000712400000|100%| E|CS|TAMS 0x0000000712200000, 0x0000000712200000| Complete 
| 126|0x0000000712400000, 0x0000000712600000, 0x0000000712600000|100%| E|CS|TAMS 0x0000000712400000, 0x0000000712400000| Complete 

Card table byte_map: [0x0000017b78220000,0x0000017b78a10000] _byte_map_base: 0x0000017b74a0c000

Marking Bits (Prev, Next): (CMBitMap*) 0x0000017b60cca0c0, (CMBitMap*) 0x0000017b60cca100
 Prev Bits: [0x0000017b79200000, 0x0000017b7d160000)
 Next Bits: [0x0000017b00000000, 0x0000017b03f60000)

Polling page: 0x0000017b5ec00000

Metaspace:

Usage:
  Non-class:     14.61 MB used.
      Class:      2.46 MB used.
       Both:     17.07 MB used.

Virtual space:
  Non-class space:       16.00 MB reserved,      14.69 MB ( 92%) committed,  2 nodes.
      Class space:        1.00 GB reserved,       2.56 MB ( <1%) committed,  1 nodes.
             Both:        1.02 GB reserved,      17.25 MB (  2%) committed. 

Chunk freelists:
   Non-Class:  704.00 KB
       Class:  1.38 MB
        Both:  2.07 MB

MaxMetaspaceSize: unlimited
CompressedClassSpaceSize: 1.00 GB
Initial GC threshold: 21.00 MB
Current GC threshold: 21.00 MB
CDS: on
MetaspaceReclaimPolicy: balanced
 - commit_granule_bytes: 65536.
 - commit_granule_words: 8192.
 - virtual_space_node_default_size: 1048576.
 - enlarge_chunks_in_place: 1.
 - new_chunks_are_fully_committed: 0.
 - uncommit_free_chunks: 1.
 - use_allocation_guard: 0.
 - handle_deallocations: 1.


Internal statistics:

num_allocs_failed_limit: 0.
num_arena_births: 242.
num_arena_deaths: 0.
num_vsnodes_births: 3.
num_vsnodes_deaths: 0.
num_space_committed: 276.
num_space_uncommitted: 0.
num_chunks_returned_to_freelist: 0.
num_chunks_taken_from_freelist: 837.
num_chunk_merges: 0.
num_chunk_splits: 566.
num_chunks_enlarged: 424.
num_purges: 0.
num_inconsistent_stats: 0.

CodeHeap 'non-profiled nmethods': size=120000Kb used=1201Kb max_used=1201Kb free=118799Kb
 bounds [0x0000017b6ffb0000, 0x0000017b70220000, 0x0000017b774e0000]
CodeHeap 'profiled nmethods': size=120000Kb used=6224Kb max_used=6224Kb free=113775Kb
 bounds [0x0000017b68a80000, 0x0000017b690a0000, 0x0000017b6ffb0000]
CodeHeap 'non-nmethods': size=5760Kb used=1438Kb max_used=1507Kb free=4321Kb
 bounds [0x0000017b684e0000, 0x0000017b68750000, 0x0000017b68a80000]
 total_blobs=3971 nmethods=3184 adapters=699
 compilation: enabled
              stopped_count=0, restarted_count=0
 full_count=0

Compilation events (20 events):
Event: 4.276 Thread 0x0000017b7fde7ad0 nmethod 3175 0x0000017b700daf10 code [0x0000017b700db080, 0x0000017b700db118]
Event: 4.307 Thread 0x0000017b7fdeea60 3176       3       com.sun.javafx.tk.quantum.QuantumToolkit::postPulse (133 bytes)
Event: 4.311 Thread 0x0000017b7fdeea60 nmethod 3176 0x0000017b69090110 code [0x0000017b690904c0, 0x0000017b69091b08]
Event: 4.418 Thread 0x0000017b7fdeea60 3177       3       com.sun.javafx.tk.quantum.QuantumToolkit$$Lambda$83/0x0000000800c38220::run (8 bytes)
Event: 4.419 Thread 0x0000017b7fdeea60 nmethod 3177 0x0000017b69092290 code [0x0000017b69092480, 0x0000017b69092998]
Event: 4.419 Thread 0x0000017b7fdeea60 3178   !   3       com.sun.javafx.tk.quantum.QuantumToolkit::lambda$runToolkit$12 (16 bytes)
Event: 4.419 Thread 0x0000017b7fdeea60 nmethod 3178 0x0000017b69092b90 code [0x0000017b69092d80, 0x0000017b69093218]
Event: 4.850 Thread 0x0000017b7fde7ad0 3179       4       com.sun.javafx.geom.transform.Translate2D::transform (48 bytes)
Event: 4.850 Thread 0x0000017b7fde7ad0 nmethod 3179 0x0000017b700db210 code [0x0000017b700db380, 0x0000017b700db458]
Event: 5.362 Thread 0x0000017b7fde7ad0 3180       4       com.sun.javafx.event.EventDispatchChainImpl::dispatchEvent (101 bytes)
Event: 5.363 Thread 0x0000017b7fde7ad0 nmethod 3180 0x0000017b700db510 code [0x0000017b700db6a0, 0x0000017b700db858]
Event: 29.182 Thread 0x0000017b7fdeea60 3181       3       javafx.scene.input.MouseEvent::copyFor (17 bytes)
Event: 29.182 Thread 0x0000017b7fdeea60 nmethod 3181 0x0000017b69093410 code [0x0000017b690935c0, 0x0000017b690937e8]
Event: 86.227 Thread 0x0000017b7fde7ad0 3182       4       com.sun.javafx.tk.quantum.QuantumToolkit::postPulse (133 bytes)
Event: 86.228 Thread 0x0000017b7fde7ad0 nmethod 3182 0x0000017b700dba10 code [0x0000017b700dbba0, 0x0000017b700dbd18]
Event: 86.339 Thread 0x0000017b7fde7ad0 3183       4       com.sun.javafx.tk.quantum.QuantumToolkit$$Lambda$83/0x0000000800c38220::run (8 bytes)
Event: 86.340 Thread 0x0000017b7fde7ad0 nmethod 3183 0x0000017b700dbf10 code [0x0000017b700dc0a0, 0x0000017b700dc218]
Event: 154.069 Thread 0x0000017b7fdeea60 3184       3       java.util.concurrent.locks.AbstractQueuedSynchronizer::release (19 bytes)
Event: 154.070 Thread 0x0000017b7fdeea60 nmethod 3184 0x0000017b69093910 code [0x0000017b69093b00, 0x0000017b69093f88]
Event: 154.070 Thread 0x0000017b7fdeea60 3186       3       java.util.concurrent.locks.ReentrantLock$Sync::tryRelease (51 bytes)

GC Heap History (4 events):
Event: 0.359 GC heap before
{Heap before GC invocations=0 (full 0):
 garbage-first heap   total 260096K, used 22528K [0x0000000702800000, 0x0000000800000000)
  region size 2048K, 11 young (22528K), 0 survivors (0K)
 Metaspace       used 5255K, committed 5440K, reserved 1056768K
  class space    used 649K, committed 704K, reserved 1048576K
}
Event: 0.361 GC heap after
{Heap after GC invocations=1 (full 0):
 garbage-first heap   total 260096K, used 3085K [0x0000000702800000, 0x0000000800000000)
  region size 2048K, 2 young (4096K), 2 survivors (4096K)
 Metaspace       used 5255K, committed 5440K, reserved 1056768K
  class space    used 649K, committed 704K, reserved 1048576K
}
Event: 1.731 GC heap before
{Heap before GC invocations=1 (full 0):
 garbage-first heap   total 260096K, used 41997K [0x0000000702800000, 0x0000000800000000)
  region size 2048K, 20 young (40960K), 2 survivors (4096K)
 Metaspace       used 14559K, committed 14784K, reserved 1064960K
  class space    used 2125K, committed 2240K, reserved 1048576K
}
Event: 1.734 GC heap after
{Heap after GC invocations=2 (full 0):
 garbage-first heap   total 260096K, used 9232K [0x0000000702800000, 0x0000000800000000)
  region size 2048K, 3 young (6144K), 3 survivors (6144K)
 Metaspace       used 14559K, committed 14784K, reserved 1064960K
  class space    used 2125K, committed 2240K, reserved 1048576K
}

Deoptimization events (20 events):
Event: 2.582 Thread 0x0000017b04be9900 DEOPT PACKING pc=0x0000017b68dad4a2 sp=0x000000744c5fd930
Event: 2.582 Thread 0x0000017b04be9900 DEOPT UNPACKING pc=0x0000017b68536763 sp=0x000000744c5fcd88 mode 0
Event: 2.582 Thread 0x0000017b04be9900 DEOPT PACKING pc=0x0000017b68dad4a2 sp=0x000000744c5fd930
Event: 2.582 Thread 0x0000017b04be9900 DEOPT UNPACKING pc=0x0000017b68536763 sp=0x000000744c5fcd88 mode 0
Event: 2.723 Thread 0x0000017b052f6cc0 Uncommon trap: trap_request=0xffffff45 fr.pc=0x0000017b6fffc178 relative=0x0000000000000458
Event: 2.723 Thread 0x0000017b052f6cc0 Uncommon trap: reason=unstable_if action=reinterpret pc=0x0000017b6fffc178 method=java.lang.StringLatin1.canEncode(I)Z @ 4 c2
Event: 2.723 Thread 0x0000017b052f6cc0 DEOPT PACKING pc=0x0000017b6fffc178 sp=0x000000744c9f8770
Event: 2.723 Thread 0x0000017b052f6cc0 DEOPT UNPACKING pc=0x0000017b68535c23 sp=0x000000744c9f8698 mode 2
Event: 2.723 Thread 0x0000017b052f6cc0 Uncommon trap: trap_request=0xffffff45 fr.pc=0x0000017b7000d2d4 relative=0x0000000000000434
Event: 2.723 Thread 0x0000017b052f6cc0 Uncommon trap: reason=unstable_if action=reinterpret pc=0x0000017b7000d2d4 method=java.lang.AbstractStringBuilder.isLatin1()Z @ 10 c2
Event: 2.723 Thread 0x0000017b052f6cc0 DEOPT PACKING pc=0x0000017b7000d2d4 sp=0x000000744c9f8710
Event: 2.723 Thread 0x0000017b052f6cc0 DEOPT UNPACKING pc=0x0000017b68535c23 sp=0x000000744c9f8690 mode 2
Event: 2.723 Thread 0x0000017b052f6cc0 Uncommon trap: trap_request=0xffffff45 fr.pc=0x0000017b6fff11dc relative=0x000000000000005c
Event: 2.723 Thread 0x0000017b052f6cc0 Uncommon trap: reason=unstable_if action=reinterpret pc=0x0000017b6fff11dc method=java.lang.AbstractStringBuilder.isLatin1()Z @ 10 c2
Event: 2.723 Thread 0x0000017b052f6cc0 DEOPT PACKING pc=0x0000017b6fff11dc sp=0x000000744c9f86f0
Event: 2.723 Thread 0x0000017b052f6cc0 DEOPT UNPACKING pc=0x0000017b68535c23 sp=0x000000744c9f8680 mode 2
Event: 2.888 Thread 0x0000017b04be9900 Uncommon trap: trap_request=0xffffff45 fr.pc=0x0000017b700b856c relative=0x00000000000001cc
Event: 2.888 Thread 0x0000017b04be9900 Uncommon trap: reason=unstable_if action=reinterpret pc=0x0000017b700b856c method=java.util.WeakHashMap.matchesKey(Ljava/util/WeakHashMap$Entry;Ljava/lang/Object;)Z @ 5 c2
Event: 2.888 Thread 0x0000017b04be9900 DEOPT PACKING pc=0x0000017b700b856c sp=0x000000744c5fd9d0
Event: 2.888 Thread 0x0000017b04be9900 DEOPT UNPACKING pc=0x0000017b68535c23 sp=0x000000744c5fd8f0 mode 2

Classes unloaded (0 events):
No events

Classes redefined (0 events):
No events

Internal exceptions (20 events):
Event: 0.594 Thread 0x0000017b052f6cc0 Exception <a 'java/lang/IncompatibleClassChangeError'{0x0000000710a1cac0}: Found class java.lang.Object, but interface was expected> (0x0000000710a1cac0) 
thrown [s\open\src\hotspot\share\interpreter\linkResolver.cpp, line 826]
Event: 0.621 Thread 0x0000017b052f6cc0 Exception <a 'java/lang/ClassNotFoundException'{0x000000071089fc68}: com/sun/javafx/scene/control/skin/resources/controls> (0x000000071089fc68) 
thrown [s\open\src\hotspot\share\prims\jni.cpp, line 535]
Event: 0.621 Thread 0x0000017b052f6cc0 Exception <a 'java/lang/ClassNotFoundException'{0x00000007108adc08}: com/sun/javafx/scene/control/skin/resources/controls_uk> (0x00000007108adc08) 
thrown [s\open\src\hotspot\share\prims\jni.cpp, line 535]
Event: 0.622 Thread 0x0000017b052f6cc0 Exception <a 'java/lang/ClassNotFoundException'{0x00000007108aeba0}: com/sun/javafx/scene/control/skin/resources/controls_uk_UA> (0x00000007108aeba0) 
thrown [s\open\src\hotspot\share\prims\jni.cpp, line 535]
Event: 0.640 Thread 0x0000017b052f6cc0 Implicit null exception at 0x0000017b7001808d to 0x0000017b70018654
Event: 0.641 Thread 0x0000017b052f6cc0 Exception <a 'java/lang/NoSuchMethodError'{0x0000000710631630}: 'void java.lang.invoke.DirectMethodHandle$Holder.invokeSpecial(java.lang.Object, java.lang.Object, java.lang.Object, java.lang.Object, java.lang.Object, java.lang.Object)'> (0x0000000710631630) 
thrown [s\open\src\hotspot\share\interpreter\linkResolver.cpp, line 759]
Event: 0.673 Thread 0x0000017b052f6cc0 Exception <a 'java/lang/NoSuchMethodError'{0x0000000710564860}: 'java.lang.Object java.lang.invoke.DirectMethodHandle$Holder.newInvokeSpecial(java.lang.Object, java.lang.Object, int)'> (0x0000000710564860) 
thrown [s\open\src\hotspot\share\interpreter\linkResolver.cpp, line 759]
Event: 0.688 Thread 0x0000017b04be9900 Exception <a 'java/lang/NoSuchMethodError'{0x0000000710276f48}: 'int java.lang.invoke.DirectMethodHandle$Holder.invokeStaticInit(java.lang.Object, java.lang.Object)'> (0x0000000710276f48) 
thrown [s\open\src\hotspot\share\interpreter\linkResolver.cpp, line 759]
Event: 1.620 Thread 0x0000017b052f6cc0 Exception <a 'java/lang/NoSuchMethodError'{0x000000070ff2aba8}: 'long java.lang.invoke.DirectMethodHandle$Holder.invokeStatic(java.lang.Object, java.lang.Object, java.lang.Object)'> (0x000000070ff2aba8) 
thrown [s\open\src\hotspot\share\interpreter\linkResolver.cpp, line 759]
Event: 1.620 Thread 0x0000017b052f6cc0 Exception <a 'java/lang/NoSuchMethodError'{0x000000070ff2e350}: 'long java.lang.invoke.DirectMethodHandle$Holder.invokeStaticInit(java.lang.Object, java.lang.Object, java.lang.Object)'> (0x000000070ff2e350) 
thrown [s\open\src\hotspot\share\interpreter\linkResolver.cpp, line 759]
Event: 1.621 Thread 0x0000017b052f6cc0 Exception <a 'java/lang/NoSuchMethodError'{0x000000070ff45f58}: 'java.lang.Object java.lang.invoke.DirectMethodHandle$Holder.newInvokeSpecial(java.lang.Object, java.lang.Object, long)'> (0x000000070ff45f58) 
thrown [s\open\src\hotspot\share\interpreter\linkResolver.cpp, line 759]
Event: 1.621 Thread 0x0000017b052f6cc0 Exception <a 'java/lang/NoSuchMethodError'{0x000000070ff49ac8}: 'java.lang.Object java.lang.invoke.Invokers$Holder.linkToTargetMethod(java.lang.Object, long, java.lang.Object)'> (0x000000070ff49ac8) 
thrown [s\open\src\hotspot\share\interpreter\linkResolver.cpp, line 759]
Event: 1.745 Thread 0x0000017b052f6cc0 Exception <a 'java/io/FileNotFoundException'{0x0000000712498ba8}> (0x0000000712498ba8) 
thrown [s\open\src\hotspot\share\prims\jni.cpp, line 516]
Event: 2.723 Thread 0x0000017b052f6cc0 Exception <a 'java/lang/NullPointerException'{0x0000000711fb83c8}> (0x0000000711fb83c8) 
thrown [s\open\src\hotspot\share\interpreter\linkResolver.cpp, line 1350]
Event: 2.725 Thread 0x0000017b052f6cc0 Exception <a 'java/lang/NullPointerException'{0x0000000711fe0310}> (0x0000000711fe0310) 
thrown [s\open\src\hotspot\share\interpreter\linkResolver.cpp, line 1350]
Event: 2.726 Thread 0x0000017b052f6cc0 Exception <a 'java/lang/NullPointerException'{0x0000000711c075c0}> (0x0000000711c075c0) 
thrown [s\open\src\hotspot\share\interpreter\linkResolver.cpp, line 1350]
Event: 2.727 Thread 0x0000017b052f6cc0 Exception <a 'java/lang/NullPointerException'{0x0000000711c2e3b8}> (0x0000000711c2e3b8) 
thrown [s\open\src\hotspot\share\interpreter\linkResolver.cpp, line 1350]
Event: 2.727 Thread 0x0000017b052f6cc0 Exception <a 'java/lang/NullPointerException'{0x0000000711c551b0}> (0x0000000711c551b0) 
thrown [s\open\src\hotspot\share\interpreter\linkResolver.cpp, line 1350]
Event: 2.728 Thread 0x0000017b052f6cc0 Exception <a 'java/io/FileNotFoundException'{0x0000000711c7d918}> (0x0000000711c7d918) 
thrown [s\open\src\hotspot\share\prims\jni.cpp, line 516]
Event: 2.902 Thread 0x0000017b04be9900 Exception <a 'java/lang/NoSuchMethodError'{0x0000000711316e60}: 'java.lang.Object java.lang.invoke.DirectMethodHandle$Holder.invokeStaticInit(java.lang.Object, int)'> (0x0000000711316e60) 
thrown [s\open\src\hotspot\share\interpreter\linkResolver.cpp, line 759]

VM Operations (20 events):
Event: 0.667 Executing VM operation: HandshakeAllThreads done
Event: 1.667 Executing VM operation: Cleanup
Event: 1.667 Executing VM operation: Cleanup done
Event: 1.730 Executing VM operation: HandshakeAllThreads
Event: 1.730 Executing VM operation: HandshakeAllThreads done
Event: 1.731 Executing VM operation: G1CollectForAllocation
Event: 1.734 Executing VM operation: G1CollectForAllocation done
Event: 2.579 Executing VM operation: ICBufferFull
Event: 2.579 Executing VM operation: ICBufferFull done
Event: 2.746 Executing VM operation: HandshakeAllThreads
Event: 2.747 Executing VM operation: HandshakeAllThreads done
Event: 2.798 Executing VM operation: ICBufferFull
Event: 2.798 Executing VM operation: ICBufferFull done
Event: 4.798 Executing VM operation: Cleanup
Event: 4.799 Executing VM operation: Cleanup done
Event: 5.799 Executing VM operation: Cleanup
Event: 5.799 Executing VM operation: Cleanup done
Event: 29.812 Executing VM operation: Cleanup
Event: 29.813 Executing VM operation: Cleanup done
Event: 154.070 Executing VM operation: Exit

Events (20 events):
Event: 2.720 loading class java/lang/Label
Event: 2.720 loading class java/lang/Label done
Event: 2.720 loading class java/util/Label
Event: 2.720 loading class java/util/Label done
Event: 2.723 loading class java/lang/Throwable$WrappedPrintStream
Event: 2.723 loading class java/lang/Throwable$PrintStreamOrWriter
Event: 2.723 loading class java/lang/Throwable$PrintStreamOrWriter done
Event: 2.723 loading class java/lang/Throwable$WrappedPrintStream done
Event: 2.774 Thread 0x0000017b05fb52e0 Thread added: 0x0000017b05fb52e0
Event: 2.807 Thread 0x0000017b05fb48c0 Thread added: 0x0000017b05fb48c0
Event: 3.048 Thread 0x0000017b05fb48c0 Thread exited: 0x0000017b05fb48c0
Event: 3.186 Thread 0x0000017b05fb52e0 Thread exited: 0x0000017b05fb52e0
Event: 154.068 loading class jdk/internal/misc/Signal$1
Event: 154.069 loading class jdk/internal/misc/Signal$1 done
Event: 154.069 Thread 0x0000017b05c0d600 Thread added: 0x0000017b05c0d600
Event: 154.069 Thread 0x0000017b05c0dfa0 Thread added: 0x0000017b05c0dfa0
Event: 154.069 Thread 0x0000017b05c0e470 Thread added: 0x0000017b05c0e470
Event: 154.069 Thread 0x0000017b05c0e470 Thread exited: 0x0000017b05c0e470
Event: 154.070 Thread 0x0000017b05c0dfa0 Thread exited: 0x0000017b05c0dfa0
Event: 154.070 Thread 0x0000017b7fde11b0 Thread exited: 0x0000017b7fde11b0


Dynamic libraries:
0x00007ff766810000 - 0x00007ff766820000 	C:\Program Files\Java\jdk-17.0.4.1\bin\java.exe
0x00007ffb060d0000 - 0x00007ffb062c8000 	C:\Windows\SYSTEM32\ntdll.dll
0x00007ffb05910000 - 0x00007ffb059cf000 	C:\Windows\System32\KERNEL32.DLL
0x00007ffb03d30000 - 0x00007ffb04002000 	C:\Windows\System32\KERNELBASE.dll
0x00007ffb04010000 - 0x00007ffb04110000 	C:\Windows\System32\ucrtbase.dll
0x00007ffaf8470000 - 0x00007ffaf848a000 	C:\Program Files\Java\jdk-17.0.4.1\bin\VCRUNTIME140.dll
0x00007ffaf8550000 - 0x00007ffaf8568000 	C:\Program Files\Java\jdk-17.0.4.1\bin\jli.dll
0x00007ffb059d0000 - 0x00007ffb05a7e000 	C:\Windows\System32\ADVAPI32.dll
0x00007ffb05860000 - 0x00007ffb058fe000 	C:\Windows\System32\msvcrt.dll
0x00007ffb04110000 - 0x00007ffb041ac000 	C:\Windows\System32\sechost.dll
0x00007ffb05720000 - 0x00007ffb05845000 	C:\Windows\System32\RPCRT4.dll
0x00007ffb05ee0000 - 0x00007ffb06081000 	C:\Windows\System32\USER32.dll
0x00007ffaef160000 - 0x00007ffaef3fa000 	C:\Windows\WinSxS\amd64_microsoft.windows.common-controls_6595b64144ccf1df_6.0.19041.1110_none_60b5254171f9507e\COMCTL32.dll
0x00007ffb03950000 - 0x00007ffb03972000 	C:\Windows\System32\win32u.dll
0x00007ffb055d0000 - 0x00007ffb055fb000 	C:\Windows\System32\GDI32.dll
0x00007ffb03840000 - 0x00007ffb0394f000 	C:\Windows\System32\gdi32full.dll
0x00007ffb03c90000 - 0x00007ffb03d2d000 	C:\Windows\System32\msvcp_win.dll
0x00007ffafc4d0000 - 0x00007ffafc4da000 	C:\Windows\SYSTEM32\VERSION.dll
0x00007ffb04360000 - 0x00007ffb04392000 	C:\Windows\System32\IMM32.DLL
0x00007ffb00ed0000 - 0x00007ffb00edc000 	C:\Program Files\Java\jdk-17.0.4.1\bin\vcruntime140_1.dll
0x00007ffacb0f0000 - 0x00007ffacb17d000 	C:\Program Files\Java\jdk-17.0.4.1\bin\msvcp140.dll
0x00007ffa66a30000 - 0x00007ffa675f2000 	C:\Program Files\Java\jdk-17.0.4.1\bin\server\jvm.dll
0x00007ffb05a80000 - 0x00007ffb05a88000 	C:\Windows\System32\PSAPI.DLL
0x00007ffafac60000 - 0x00007ffafac87000 	C:\Windows\SYSTEM32\WINMM.dll
0x00007ffaf4220000 - 0x00007ffaf4229000 	C:\Windows\SYSTEM32\WSOCK32.dll
0x00007ffb056b0000 - 0x00007ffb0571b000 	C:\Windows\System32\WS2_32.dll
0x00007ffb016a0000 - 0x00007ffb016b2000 	C:\Windows\SYSTEM32\kernel.appcore.dll
0x00007ffaf8460000 - 0x00007ffaf846a000 	C:\Program Files\Java\jdk-17.0.4.1\bin\jimage.dll
0x00007ffafcea0000 - 0x00007ffafd084000 	C:\Windows\SYSTEM32\DBGHELP.DLL
0x00007ffaf1600000 - 0x00007ffaf1635000 	C:\Windows\SYSTEM32\dbgcore.DLL
0x00007ffb03980000 - 0x00007ffb03a02000 	C:\Windows\System32\bcryptPrimitives.dll
0x00007ffaff5a0000 - 0x00007ffaff5ae000 	C:\Program Files\Java\jdk-17.0.4.1\bin\instrument.dll
0x00007ffa814e0000 - 0x00007ffa81505000 	C:\Program Files\Java\jdk-17.0.4.1\bin\java.dll
0x00007ffa66710000 - 0x00007ffa667e6000 	C:\Program Files\Java\jdk-17.0.4.1\bin\jsvml.dll
0x00007ffb04e80000 - 0x00007ffb055c4000 	C:\Windows\System32\SHELL32.dll
0x00007ffb018a0000 - 0x00007ffb02032000 	C:\Windows\SYSTEM32\windows.storage.dll
0x00007ffb05b80000 - 0x00007ffb05ed5000 	C:\Windows\System32\combase.dll
0x00007ffb03220000 - 0x00007ffb03250000 	C:\Windows\SYSTEM32\Wldp.dll
0x00007ffb04590000 - 0x00007ffb0463d000 	C:\Windows\System32\SHCORE.dll
0x00007ffb04730000 - 0x00007ffb04785000 	C:\Windows\System32\shlwapi.dll
0x00007ffb03700000 - 0x00007ffb0371f000 	C:\Windows\SYSTEM32\profapi.dll
0x00007ffae0db0000 - 0x00007ffae0dc9000 	C:\Program Files\Java\jdk-17.0.4.1\bin\net.dll
0x00007ffafe990000 - 0x00007ffafea9c000 	C:\Windows\SYSTEM32\WINHTTP.dll
0x00007ffb02f10000 - 0x00007ffb02f7a000 	C:\Windows\system32\mswsock.dll
0x00007ffacb0d0000 - 0x00007ffacb0e6000 	C:\Program Files\Java\jdk-17.0.4.1\bin\nio.dll
0x00007ffa69a30000 - 0x00007ffa69a48000 	C:\Program Files\Java\jdk-17.0.4.1\bin\zip.dll
0x00007ffaff4a0000 - 0x00007ffaff4ba000 	C:\Program Files\JetBrains\IntelliJ IDEA 2022.2.3\bin\breakgen64.dll
0x0000017b03f80000 - 0x0000017b03f83000 	C:\Users\ASUS\.openjfx\cache\17.0.2-ea\api-ms-win-core-console-l1-1-0.dll
0x0000017b03f90000 - 0x0000017b03f93000 	C:\Users\ASUS\.openjfx\cache\17.0.2-ea\api-ms-win-core-console-l1-2-0.dll
0x0000017b03fa0000 - 0x0000017b03fa3000 	C:\Users\ASUS\.openjfx\cache\17.0.2-ea\api-ms-win-core-datetime-l1-1-0.dll
0x0000017b03fb0000 - 0x0000017b03fb3000 	C:\Users\ASUS\.openjfx\cache\17.0.2-ea\api-ms-win-core-debug-l1-1-0.dll
0x0000017b03fc0000 - 0x0000017b03fc3000 	C:\Users\ASUS\.openjfx\cache\17.0.2-ea\api-ms-win-core-errorhandling-l1-1-0.dll
0x0000017b03fd0000 - 0x0000017b03fd4000 	C:\Users\ASUS\.openjfx\cache\17.0.2-ea\api-ms-win-core-file-l1-1-0.dll
0x0000017b03fe0000 - 0x0000017b03fe3000 	C:\Users\ASUS\.openjfx\cache\17.0.2-ea\api-ms-win-core-file-l1-2-0.dll
0x0000017b03ff0000 - 0x0000017b03ff3000 	C:\Users\ASUS\.openjfx\cache\17.0.2-ea\api-ms-win-core-file-l2-1-0.dll
0x0000017b05500000 - 0x0000017b05503000 	C:\Users\ASUS\.openjfx\cache\17.0.2-ea\api-ms-win-core-handle-l1-1-0.dll
0x0000017b05510000 - 0x0000017b05513000 	C:\Users\ASUS\.openjfx\cache\17.0.2-ea\api-ms-win-core-heap-l1-1-0.dll
0x0000017b05520000 - 0x0000017b05523000 	C:\Users\ASUS\.openjfx\cache\17.0.2-ea\api-ms-win-core-interlocked-l1-1-0.dll
0x0000017b05530000 - 0x0000017b05533000 	C:\Users\ASUS\.openjfx\cache\17.0.2-ea\api-ms-win-core-libraryloader-l1-1-0.dll
0x0000017b05540000 - 0x0000017b05543000 	C:\Users\ASUS\.openjfx\cache\17.0.2-ea\api-ms-win-core-localization-l1-2-0.dll
0x0000017b05550000 - 0x0000017b05553000 	C:\Users\ASUS\.openjfx\cache\17.0.2-ea\api-ms-win-core-memory-l1-1-0.dll
0x0000017b05560000 - 0x0000017b05563000 	C:\Users\ASUS\.openjfx\cache\17.0.2-ea\api-ms-win-core-namedpipe-l1-1-0.dll
0x0000017b05570000 - 0x0000017b05573000 	C:\Users\ASUS\.openjfx\cache\17.0.2-ea\api-ms-win-core-processenvironment-l1-1-0.dll
0x0000017b05580000 - 0x0000017b05583000 	C:\Users\ASUS\.openjfx\cache\17.0.2-ea\api-ms-win-core-processthreads-l1-1-0.dll
0x0000017b05590000 - 0x0000017b05593000 	C:\Users\ASUS\.openjfx\cache\17.0.2-ea\api-ms-win-core-processthreads-l1-1-1.dll
0x0000017b055a0000 - 0x0000017b055a3000 	C:\Users\ASUS\.openjfx\cache\17.0.2-ea\api-ms-win-core-profile-l1-1-0.dll
0x0000017b055b0000 - 0x0000017b055b3000 	C:\Users\ASUS\.openjfx\cache\17.0.2-ea\api-ms-win-core-rtlsupport-l1-1-0.dll
0x0000017b055c0000 - 0x0000017b055c3000 	C:\Users\ASUS\.openjfx\cache\17.0.2-ea\api-ms-win-core-string-l1-1-0.dll
0x0000017b055d0000 - 0x0000017b055d3000 	C:\Users\ASUS\.openjfx\cache\17.0.2-ea\api-ms-win-core-synch-l1-1-0.dll
0x0000017b055e0000 - 0x0000017b055e3000 	C:\Users\ASUS\.openjfx\cache\17.0.2-ea\api-ms-win-core-synch-l1-2-0.dll
0x0000017b055f0000 - 0x0000017b055f3000 	C:\Users\ASUS\.openjfx\cache\17.0.2-ea\api-ms-win-core-sysinfo-l1-1-0.dll
0x0000017b05600000 - 0x0000017b05603000 	C:\Users\ASUS\.openjfx\cache\17.0.2-ea\api-ms-win-core-timezone-l1-1-0.dll
0x0000017b05610000 - 0x0000017b05613000 	C:\Users\ASUS\.openjfx\cache\17.0.2-ea\api-ms-win-core-util-l1-1-0.dll
0x0000017b05620000 - 0x0000017b05623000 	C:\Users\ASUS\.openjfx\cache\17.0.2-ea\api-ms-win-crt-conio-l1-1-0.dll
0x0000017b05630000 - 0x0000017b05634000 	C:\Users\ASUS\.openjfx\cache\17.0.2-ea\api-ms-win-crt-convert-l1-1-0.dll
0x0000017b05640000 - 0x0000017b05643000 	C:\Users\ASUS\.openjfx\cache\17.0.2-ea\api-ms-win-crt-environment-l1-1-0.dll
0x0000017b05650000 - 0x0000017b05653000 	C:\Users\ASUS\.openjfx\cache\17.0.2-ea\api-ms-win-crt-filesystem-l1-1-0.dll
0x0000017b05660000 - 0x0000017b05663000 	C:\Users\ASUS\.openjfx\cache\17.0.2-ea\api-ms-win-crt-heap-l1-1-0.dll
0x0000017b05670000 - 0x0000017b05673000 	C:\Users\ASUS\.openjfx\cache\17.0.2-ea\api-ms-win-crt-locale-l1-1-0.dll
0x0000017b05680000 - 0x0000017b05685000 	C:\Users\ASUS\.openjfx\cache\17.0.2-ea\api-ms-win-crt-math-l1-1-0.dll
0x0000017b05690000 - 0x0000017b05695000 	C:\Users\ASUS\.openjfx\cache\17.0.2-ea\api-ms-win-crt-multibyte-l1-1-0.dll
0x0000017b056a0000 - 0x0000017b056b0000 	C:\Users\ASUS\.openjfx\cache\17.0.2-ea\api-ms-win-crt-private-l1-1-0.dll
0x0000017b056b0000 - 0x0000017b056b3000 	C:\Users\ASUS\.openjfx\cache\17.0.2-ea\api-ms-win-crt-process-l1-1-0.dll
0x0000017b056c0000 - 0x0000017b056c4000 	C:\Users\ASUS\.openjfx\cache\17.0.2-ea\api-ms-win-crt-runtime-l1-1-0.dll
0x0000017b056d0000 - 0x0000017b056d4000 	C:\Users\ASUS\.openjfx\cache\17.0.2-ea\api-ms-win-crt-stdio-l1-1-0.dll
0x0000017b056e0000 - 0x0000017b056e4000 	C:\Users\ASUS\.openjfx\cache\17.0.2-ea\api-ms-win-crt-string-l1-1-0.dll
0x0000017b056f0000 - 0x0000017b056f3000 	C:\Users\ASUS\.openjfx\cache\17.0.2-ea\api-ms-win-crt-time-l1-1-0.dll
0x0000017b05700000 - 0x0000017b05703000 	C:\Users\ASUS\.openjfx\cache\17.0.2-ea\api-ms-win-crt-utility-l1-1-0.dll
0x00007ffaf5e50000 - 0x00007ffaf5f4c000 	C:\Users\ASUS\.openjfx\cache\17.0.2-ea\ucrtbase.dll
0x00007ffaf6010000 - 0x00007ffaf602a000 	C:\Users\ASUS\.openjfx\cache\17.0.2-ea\vcruntime140.dll
0x00007ffaf6070000 - 0x00007ffaf607c000 	C:\Users\ASUS\.openjfx\cache\17.0.2-ea\vcruntime140_1.dll
0x00007ffaf5d30000 - 0x00007ffaf5dbd000 	C:\Users\ASUS\.openjfx\cache\17.0.2-ea\msvcp140.dll
0x00007ffaf5e20000 - 0x00007ffaf5e4a000 	C:\Users\ASUS\.openjfx\cache\17.0.2-ea\prism_d3d.dll
0x00007ffab9140000 - 0x00007ffab930e000 	C:\Windows\system32\d3d9.dll
0x00007ffb013b0000 - 0x00007ffb013df000 	C:\Windows\SYSTEM32\dwmapi.dll
0x00007ffb01150000 - 0x00007ffb011ee000 	C:\Windows\system32\uxtheme.dll
0x00007ffafac90000 - 0x00007ffafae4b000 	C:\Windows\System32\DriverStore\FileRepository\u0384991.inf_amd64_ec94cf5fef2223e7\B384893\aticfx64.dll
0x00007ffa7d670000 - 0x00007ffa7d6a4000 	C:\Windows\System32\DriverStore\FileRepository\u0384991.inf_amd64_ec94cf5fef2223e7\B384893\atiu9p64.dll
0x00007ffa78080000 - 0x00007ffa78dd5000 	C:\Windows\System32\DriverStore\FileRepository\u0384991.inf_amd64_ec94cf5fef2223e7\B384893\atiumd64.dll
0x00007ffb043a0000 - 0x00007ffb044ca000 	C:\Windows\System32\ole32.dll
0x000000006d020000 - 0x000000006df47000 	C:\Windows\System32\DriverStore\FileRepository\u0384991.inf_amd64_ec94cf5fef2223e7\B384893\atiumd6a.dll
0x00007ffb04810000 - 0x00007ffb04c78000 	C:\Windows\System32\SETUPAPI.dll
0x00007ffb037f0000 - 0x00007ffb0383e000 	C:\Windows\System32\cfgmgr32.dll
0x00007ffb03000000 - 0x00007ffb0304b000 	C:\Windows\SYSTEM32\POWRPROF.dll
0x00007ffb037c0000 - 0x00007ffb037e7000 	C:\Windows\System32\bcrypt.dll
0x00007ffb02fe0000 - 0x00007ffb02ff2000 	C:\Windows\SYSTEM32\UMPDC.dll
0x00007ffaf8cb0000 - 0x00007ffaf8ce5000 	C:\Windows\SYSTEM32\amdihk64.dll
0x00007ffaf53d0000 - 0x00007ffaf5412000 	C:\Users\ASUS\.openjfx\cache\17.0.2-ea\glass.dll
0x00007ffb04c80000 - 0x00007ffb04d5a000 	C:\Windows\System32\COMDLG32.dll
0x00007ffb05a90000 - 0x00007ffb05b5d000 	C:\Windows\System32\OLEAUT32.dll
0x00007ffb04d60000 - 0x00007ffb04e75000 	C:\Windows\System32\MSCTF.dll
0x00007ffafc4e0000 - 0x00007ffafc51b000 	C:\Windows\SYSTEM32\dxcore.dll
0x00007ffaf5e00000 - 0x00007ffaf5e14000 	C:\Users\ASUS\.openjfx\cache\17.0.2-ea\javafx_font.dll
0x00007ffaf6230000 - 0x00007ffaf64af000 	C:\Windows\SYSTEM32\dwrite.dll
0x00007ffb05600000 - 0x00007ffb056af000 	C:\Windows\System32\clbcatq.dll
0x00007ffafd850000 - 0x00007ffafda04000 	C:\Windows\SYSTEM32\WindowsCodecs.dll
0x00007ffaed2d0000 - 0x00007ffaed30e000 	C:\Windows\system32\dataexchange.dll
0x00007ffaffbb0000 - 0x00007ffaffe13000 	C:\Windows\system32\d3d11.dll
0x00007ffb003e0000 - 0x00007ffb005c3000 	C:\Windows\system32\dcomp.dll
0x00007ffb02080000 - 0x00007ffb02173000 	C:\Windows\system32\dxgi.dll
0x00007ffafdd70000 - 0x00007ffafdf70000 	C:\Windows\system32\twinapi.appcore.dll
0x00007ffae6af0000 - 0x00007ffae6b24000 	C:\Program Files\Common Files\Microsoft Shared\Ink\rtscom.dll
0x00007ffaf7f30000 - 0x00007ffaf8029000 	C:\Windows\SYSTEM32\textinputframework.dll
0x00007ffb00950000 - 0x00007ffb00cae000 	C:\Windows\System32\CoreUIComponents.dll
0x00007ffb00cb0000 - 0x00007ffb00da2000 	C:\Windows\System32\CoreMessaging.dll
0x00007ffaff5f0000 - 0x00007ffaff744000 	C:\Windows\SYSTEM32\wintypes.dll
0x00007ffb028e0000 - 0x00007ffb02913000 	C:\Windows\SYSTEM32\ntmarta.dll
0x00007ffaffe20000 - 0x00007ffb003e0000 	C:\Windows\SYSTEM32\d2d1.dll

dbghelp: loaded successfully - version: 4.0.5 - missing functions: none
symbol engine: initialized successfully - sym options: 0x614 - pdb path: .;C:\Program Files\Java\jdk-17.0.4.1\bin;C:\Windows\SYSTEM32;C:\Windows\WinSxS\amd64_microsoft.windows.common-controls_6595b64144ccf1df_6.0.19041.1110_none_60b5254171f9507e;C:\Program Files\Java\jdk-17.0.4.1\bin\server;C:\Program Files\JetBrains\IntelliJ IDEA 2022.2.3\bin;C:\Users\ASUS\.openjfx\cache\17.0.2-ea;C:\Windows\System32\DriverStore\FileRepository\u0384991.inf_amd64_ec94cf5fef2223e7\B384893;C:\Program Files\Common Files\Microsoft Shared\Ink

VM Arguments:
jvm_args: -javaagent:C:\Program Files\JetBrains\IntelliJ IDEA 2022.2.3\lib\idea_rt.jar=57614:C:\Program Files\JetBrains\IntelliJ IDEA 2022.2.3\bin -Dfile.encoding=UTF-8 --module-path=C:\Users\ASUS\.m2\repository\org\openjfx\javafx-controls\17.0.2\javafx-controls-17.0.2-win.jar;C:\Users\ASUS\IdeaProjects\demo\target\classes;C:\Users\ASUS\.m2\repository\org\openjfx\javafx-graphics\17.0.2\javafx-graphics-17.0.2-win.jar;C:\Users\ASUS\.m2\repository\org\openjfx\javafx-fxml\17.0.2\javafx-fxml-17.0.2-win.jar;C:\Users\ASUS\.m2\repository\org\openjfx\javafx-base\17.0.2\javafx-base-17.0.2-win.jar -Djdk.module.main=com.example.demo 
java_command: com.example.demo/com.example.demo.HelloApplication
java_class_path (initial): C:\Users\ASUS\.m2\repository\org\postgresql\postgresql\42.5.0\postgresql-42.5.0.jar;C:\Users\ASUS\.m2\repository\org\checkerframework\checker-qual\3.5.0\checker-qual-3.5.0.jar;C:\Users\ASUS\.m2\repository\org\openjfx\javafx-controls\17.0.2\javafx-controls-17.0.2.jar;C:\Users\ASUS\.m2\repository\org\openjfx\javafx-graphics\17.0.2\javafx-graphics-17.0.2.jar;C:\Users\ASUS\.m2\repository\org\openjfx\javafx-base\17.0.2\javafx-base-17.0.2.jar;C:\Users\ASUS\.m2\repository\org\openjfx\javafx-fxml\17.0.2\javafx-fxml-17.0.2.jar
Launcher Type: SUN_STANDARD

[Global flags]
     intx CICompilerCount                          = 4                                         {product} {ergonomic}
     uint ConcGCThreads                            = 3                                         {product} {ergonomic}
     uint G1ConcRefinementThreads                  = 10                                        {product} {ergonomic}
   size_t G1HeapRegionSize                         = 2097152                                   {product} {ergonomic}
    uintx GCDrainStackTargetSize                   = 64                                        {product} {ergonomic}
   size_t InitialHeapSize                          = 266338304                                 {product} {ergonomic}
   size_t MarkStackSize                            = 4194304                                   {product} {ergonomic}
   size_t MaxHeapSize                              = 4253024256                                {product} {ergonomic}
   size_t MaxNewSize                               = 2550136832                                {product} {ergonomic}
   size_t MinHeapDeltaBytes                        = 2097152                                   {product} {ergonomic}
   size_t MinHeapSize                              = 8388608                                   {product} {ergonomic}
    uintx NonNMethodCodeHeapSize                   = 5839372                                {pd product} {ergonomic}
    uintx NonProfiledCodeHeapSize                  = 122909434                              {pd product} {ergonomic}
    uintx ProfiledCodeHeapSize                     = 122909434                              {pd product} {ergonomic}
    uintx ReservedCodeCacheSize                    = 251658240                              {pd product} {ergonomic}
     bool SegmentedCodeCache                       = true                                      {product} {ergonomic}
   size_t SoftMaxHeapSize                          = 4253024256                             {manageable} {ergonomic}
     bool UseCompressedClassPointers               = true                           {product lp64_product} {ergonomic}
     bool UseCompressedOops                        = true                           {product lp64_product} {ergonomic}
     bool UseG1GC                                  = true                                      {product} {ergonomic}
     bool UseLargePagesIndividualAllocation        = false                                  {pd product} {ergonomic}

Logging:
Log output configuration:
 #0: stdout all=off uptime,level,tags
 #1: stderr all=off uptime,level,tags

Environment Variables:
PATH=C:\Program Files\Common Files\Oracle\Java\javapath;C:\Windows\system32;C:\Windows;C:\Windows\System32\Wbem;C:\Windows\System32\WindowsPowerShell\v1.0\;C:\Windows\System32\OpenSSH\;C:\Users\ASUS\AppData\Local\Microsoft\WindowsApps;
USERNAME=ASUS
OS=Windows_NT
PROCESSOR_IDENTIFIER=Intel64 Family 6 Model 167 Stepping 1, GenuineIntel



---------------  S Y S T E M  ---------------

OS:
 Windows 10 , 64 bit Build 19041 (10.0.19041.2364)
OS uptime: 0 days 2:11 hours

CPU: total 12 (initial active 12) (6 cores per cpu, 2 threads per core) family 6 model 167 stepping 1 microcode 0x50, cx8, cmov, fxsr, ht, mmx, 3dnowpref, sse, sse2, sse3, ssse3, sse4.1, sse4.2, popcnt, lzcnt, tsc, tscinvbit, avx, avx2, aes, erms, clmul, bmi1, bmi2, adx, avx512f, avx512dq, avx512cd, avx512bw, avx512vl, sha, fma, vzeroupper, avx512_vpopcntdq, avx512_vpclmulqdq, avx512_vaes, avx512_vnni, clflush, clflushopt, avx512_vbmi2, avx512_vbmi

Memory: 4k page, system-wide physical 16221M (6913M free)
TotalPageFile size 28509M (AvailPageFile size 11742M)
current process WorkingSet (physical memory assigned to process): 152M, peak: 180M
current process commit charge ("private bytes"): 442M, peak: 476M

vm_info: Java HotSpot(TM) 64-Bit Server VM (17.0.4.1+1-LTS-2) for windows-amd64 JRE (17.0.4.1+1-LTS-2), built on Aug 16 2022 18:32:06 by "mach5one" with MS VC++ 16.8 / 16.9 (VS2019)

END.
